MPASM  5.51                          MAIN.ASM   2-10-2020  11:59:10         PAGE  1


LOC  OBJECT CODE     LINE SOURCE TEXT
  VALUE

                      00001 #include <p16f887.inc>
                      00001         LIST
                      00002 
                      00003 ;==========================================================================
                      00004 ;  MPASM PIC16F887 processor include
                      00005 ; 
                      00006 ;  (c) Copyright 1999-2013 Microchip Technology, All rights reserved
                      00007 ;==========================================================================
                      00008 
                      00809         LIST
Warning[205]: Found directive in column 1. (list)
                      00002 list p=16f887
Warning[205]: Found directive in column 1. (__CONFIG)
2007   2FF4           00003 __CONFIG _CONFIG1,      0x2ff4
Warning[205]: Found directive in column 1. (__CONFIG)
2008   3FFF           00004 __CONFIG _CONFIG2,      0x3FFF
                      00005 
                      00006 #define button  PORTB,RB0
                      00007         cblock  0x20    ;dando um nome para um endereço de memoria
  00000020            00008                 led_cnt
  00000021            00009                 cnt_1
  00000022            00010                 cnt_2
  00000023            00011                 _wreg
  00000024            00012                 _status
  00000025            00013                 timer_counter_5s
  00000026            00014                 timer_counter_50ms
  00000027            00015                 level           ;0      hard
                      00016                                         ;1      easy
  00000028            00017                 sequency
  00000029            00018                 move
                      00019         endc
Warning[207]: Found label after column 1. (TMR0_50ms)
  0000003D            00020         TMR0_50ms       EQU             .61
Warning[207]: Found label after column 1. (LED_RED)
  00000001            00021         LED_RED         EQU     b'00000001'
Warning[207]: Found label after column 1. (LED_YELLOW)
  00000002            00022         LED_YELLOW      EQU             b'00000010'
Warning[207]: Found label after column 1. (LED_GREEN)
  00000004            00023         LED_GREEN       EQU             b'00000100'
Warning[207]: Found label after column 1. (LED_BLUE)
  00000008            00024         LED_BLUE        EQU             b'00001000'
                      00025         
0000                  00026         org             0x00    ;vetor de inicialização
0000   2816           00027         goto    Start
                      00028         
0004                  00029         org             0x04    ;vetor de interrupção
0004   00A3           00030         movwf   _wreg
0005   0E03           00031         swapf   STATUS, W
0006   00A4           00032         movwf   _status
0007   0183           00033         clrf    STATUS
0008   190B           00034         btfsc   INTCON,T0IF                     ;T0IF==1?
0009   280B           00035         goto    Timer0Interrupt         ;yes
000A   2811           00036         goto    ExitInterrupt           ;no
MPASM  5.51                          MAIN.ASM   2-10-2020  11:59:10         PAGE  2


LOC  OBJECT CODE     LINE SOURCE TEXT
  VALUE

                      00037         
000B                  00038 Timer0Interrupt:
000B   110B           00039         bcf             INTCON,T0IF;
000C   0AA5           00040         incf    timer_counter_5s,F
000D   0AA6           00041         incf    timer_counter_50ms,F
000E   303D           00042         movlw   TMR0_50ms
000F   0081           00043         movwf   TMR0
0010   2811           00044         goto    ExitInterrupt
                      00045         
0011                  00046 ExitInterrupt:
0011   0E24           00047         swapf   _status,W
0012   0083           00048         movwf   STATUS
0013   0EA3           00049         swapf   _wreg,F
0014   0E23           00050         swapf   _wreg,W
                      00051         
0015   0009           00052         retfie  
0016                  00053 Start:
                      00054         ;--- I/O config ----
0016   01A5           00055         clrf    timer_counter_5s
0017   01A6           00056         clrf    timer_counter_50ms
0018   1683           00057         bsf             STATUS,RP0      ;seleciona o banco1
0019   30F0           00058         movlw   B'11110000'
Message[302]: Register in operand not in bank 0.  Ensure that bank bits are correct.
001A   0085           00059         movwf   TRISA           ;configurar RA0-RA3 como saida
                      00060                                                 ;e RA3-RA4 como entrada
Message[302]: Register in operand not in bank 0.  Ensure that bank bits are correct.
001B   1006           00061         bcf             TRISB,TRISB0    ;configurando RB0 como entrada - start
Message[302]: Register in operand not in bank 0.  Ensure that bank bits are correct.
001C   1086           00062         bcf             TRISB,TRISB1    ;configurando RB1 como entrada - level
001D   1703           00063         bsf             STATUS,RP1
Message[302]: Register in operand not in bank 0.  Ensure that bank bits are correct.
001E   0189           00064         clrf    ANSELH
Message[302]: Register in operand not in bank 0.  Ensure that bank bits are correct.
001F   0188           00065         clrf    ANSEL           ; Configura a PORTA como entrada digital
                      00066         
                      00067 ;-------Configuração do TIMER0 --------
                      00068 ;INTCON,TMR0,OPTION_REG
                      00069 ;OPTION_REG: 
                      00070 ;TOCS=0 (INTOSC/4)
                      00071 ;PSA= 0 (PRESCALER TMR0)
                      00072 ;PS=111
0020   1303           00073         bcf             STATUS,RP1              ;indo para o bank1              
0021   3007           00074         movlw   b'00000111'             ;
Message[302]: Register in operand not in bank 0.  Ensure that bank bits are correct.
0022   0481           00075         iorwf   OPTION_REG,F    ;setando PSA<2:0>
0023   30D7           00076         movlw   b'11010111'     ;
Message[302]: Register in operand not in bank 0.  Ensure that bank bits are correct.
0024   0581           00077         andwf   OPTION_REG,F    ;clear TOCS, PSA 
0025   1283           00078         bcf             STATUS,RP0              ;INDO PARA O BANK 0     
0026   303D           00079         movlw   .61
0027   0081           00080         movwf   TMR0
0028   110B           00081         bcf             INTCON,T0IF             ;limpando a Flag
0029   168B           00082         bsf             INTCON,T0IE             ;abilitando interrupçãp de TMRO
MPASM  5.51                          MAIN.ASM   2-10-2020  11:59:10         PAGE  3


LOC  OBJECT CODE     LINE SOURCE TEXT
  VALUE

002A   178B           00083         bsf             INTCON,GIE              ;abilitando interrupções
002B   204C           00084         call    Rotina_Inicializacao
002C                  00085 Main:
002C   1806           00086         btfsc   button          ;botão start pressionado
002D   282C           00087         goto    Main
002E   0801           00088         movf    TMR0,W
002F   00A9           00089         movwf   move            ;copia TMR0 para move
0030   01A8           00090         clrf    sequency        ;sequencia igual a zero
0031   1886           00091         btfsc   PORTB,RB1       ;seleção de level
0032   2834           00092         goto    LevelEasy
                      00093         
0033   2836           00094         goto    LevelHard
                      00095 
0034                  00096 LevelEasy:
0034   1027           00097         bcf level,0
0035   2838           00098         goto    Main_Loop
                      00099 
                      00100 
0036                  00101 LevelHard:
0036   1427           00102         bsf level,0
0037   2838           00103         goto    Main_Loop
                      00104 
0038                  00105 Main_Loop:
0038   203A           00106         call SorteiaNumero
0039   282C           00107         goto Main
                      00108 
                      00109 ;--------------
                      00110 ;Recebe move
003A                  00111 SorteiaNumero:
                      00112 
003A   3003           00113         movlw   0x03
Message[305]: Using default destination of 1 (file).
003B   05A9           00114         andwf   move                    ;clear bits <7:2>
                      00115 
003C   3000           00116         movlw   .0
003D   0229           00117         subwf   move, W
003E   1903           00118         btfsc   STATUS,Z
003F   3401           00119         retlw   LED_RED
                      00120         
0040   3001           00121         movlw   .1
0041   0229           00122         subwf   move, W
0042   1903           00123         btfsc   STATUS,Z
0043   3402           00124         retlw   LED_YELLOW
                      00125 
0044   3002           00126         movlw   .2
0045   0229           00127         subwf   move, W
0046   1903           00128         btfsc   STATUS,Z
0047   3404           00129         retlw   LED_GREEN
                      00130         
0048   3003           00131         movlw   .3
0049   0229           00132         subwf   move, W
004A   1903           00133         btfsc   STATUS,Z
004B   3408           00134         retlw   LED_BLUE
MPASM  5.51                          MAIN.ASM   2-10-2020  11:59:10         PAGE  4


LOC  OBJECT CODE     LINE SOURCE TEXT
  VALUE

                      00135 
                      00136 
004C                  00137 Rotina_Inicializacao:
004C   1303           00138         bcf             STATUS,RP1              ;indo para o banco0
004D   1283           00139         bcf             STATUS,RP0
004E   300F           00140         movlw   0x0F                    ;movendo b'00001111' 
004F   0085           00141         movwf   PORTA                   ;ligando os leds
0050   206B           00142         call    Delay_1s                ;chama função de delay
0051   01A0           00143         clrf    led_cnt                 ;led_cnt=0
                      00144         
0052                  00145 LedCountLoop:
0052   0185           00146         clrf    PORTA                   ;apaga todos os leds
0053   3000           00147         movlw   .0
0054   0220           00148         subwf   led_cnt , W
0055   1903           00149         btfsc   STATUS  , Z     ;led_cnt=0?
0056   1405           00150         bsf             PORTA   , RA0   ;sim
                      00151         
0057   3001           00152         movlw   .1
0058   0220           00153         subwf   led_cnt , W
0059   1903           00154         btfsc   STATUS  , Z     ;led_cnt=0?
005A   1485           00155         bsf             PORTA   , RA1   ;sim
                      00156         
005B   3002           00157         movlw   .2
005C   0220           00158         subwf   led_cnt , W
005D   1903           00159         btfsc   STATUS  , Z     ;led_cnt=0?
005E   1505           00160         bsf             PORTA   , RA2   ;sim
                      00161         
005F   3003           00162         movlw   .3
0060   0220           00163         subwf   led_cnt , W
0061   1903           00164         btfsc   STATUS  , Z     ;led_cnt=0?
0062   1585           00165         bsf             PORTA   , RA3   ;sim
0063   2077           00166         call    Delay_200ms
0064   0AA0           00167         incf    led_cnt , F             ;
                      00168         
0065   3004           00169         movlw   .4
0066   0220           00170         subwf   led_cnt , W                                     
0067   1D03           00171         btfss   STATUS  , Z     ;led_cnt=4?
0068   2852           00172         goto    LedCountLoop    ;não
0069   0185           00173         clrf    PORTA                   ;sim
                      00174         
006A   0008           00175         return
                      00176         
006B                  00177 Delay_1s:
006B   2077           00178         call    Delay_200ms
006C   2077           00179         call    Delay_200ms
006D   2077           00180         call    Delay_200ms
006E   2077           00181         call    Delay_200ms
006F   2077           00182         call    Delay_200ms
0070   0008           00183         return
                      00184 
0071                  00185 Delay_1ms:
0071   30F8           00186         movlw   .248
0072   00A1           00187         movwf   cnt_1
MPASM  5.51                          MAIN.ASM   2-10-2020  11:59:10         PAGE  5


LOC  OBJECT CODE     LINE SOURCE TEXT
  VALUE

0073                  00188 Delay1: 
0073   0000           00189         nop
0074   0BA1           00190         decfsz  cnt_1,F                 ;decrementado cnt_1
0075   2873           00191         goto Delay1
                      00192                                                         ;cnt =0 
0076   0008           00193         return
                      00194 
0077                  00195 Delay_200ms
0077   30C8           00196         movlw   .200
0078   00A2           00197         movwf   cnt_2
0079                  00198 Delay_2
0079   2071           00199         call    Delay_1ms
007A   0BA2           00200         decfsz  cnt_2,F
007B   2879           00201         goto    Delay_2
007C   0008           00202         return
                      00203         
Warning[205]: Found directive in column 1. (end)
                      00204 end
MPASM  5.51                          MAIN.ASM   2-10-2020  11:59:10         PAGE  6


SYMBOL TABLE
  LABEL                             VALUE 

ABDEN                             00000000
ABDOVF                            00000007
ACKDT                             00000005
ACKEN                             00000004
ACKSTAT                           00000006
ADCON0                            0000001F
ADCON1                            0000009F
ADCS0                             00000006
ADCS1                             00000007
ADDEN                             00000003
ADFM                              00000007
ADIE                              00000006
ADIF                              00000006
ADON                              00000000
ADRESH                            0000001E
ADRESL                            0000009E
ANS0                              00000000
ANS1                              00000001
ANS10                             00000002
ANS11                             00000003
ANS12                             00000004
ANS13                             00000005
ANS2                              00000002
ANS3                              00000003
ANS4                              00000004
ANS5                              00000005
ANS6                              00000006
ANS7                              00000007
ANS8                              00000000
ANS9                              00000001
ANSEL                             00000188
ANSELH                            00000189
BAUDCTL                           00000187
BCLIE                             00000003
BCLIF                             00000003
BF                                00000000
BRG0                              00000000
BRG1                              00000001
BRG10                             00000002
BRG11                             00000003
BRG12                             00000004
BRG13                             00000005
BRG14                             00000006
BRG15                             00000007
BRG16                             00000003
BRG2                              00000002
BRG3                              00000003
BRG4                              00000004
BRG5                              00000005
BRG6                              00000006
BRG7                              00000007
BRG8                              00000000
BRG9                              00000001
MPASM  5.51                          MAIN.ASM   2-10-2020  11:59:10         PAGE  7


SYMBOL TABLE
  LABEL                             VALUE 

BRGH                              00000002
C                                 00000000
C1CH0                             00000000
C1CH1                             00000001
C1IE                              00000005
C1IF                              00000005
C1OE                              00000005
C1ON                              00000007
C1OUT                             00000006
C1POL                             00000004
C1R                               00000002
C1RSEL                            00000005
C1SEN                             00000005
C2CH0                             00000000
C2CH1                             00000001
C2IE                              00000006
C2IF                              00000006
C2OE                              00000005
C2ON                              00000007
C2OUT                             00000006
C2POL                             00000004
C2R                               00000002
C2REN                             00000004
C2RSEL                            00000004
C2SYNC                            00000000
CCP1CON                           00000017
CCP1IE                            00000002
CCP1IF                            00000002
CCP1M0                            00000000
CCP1M1                            00000001
CCP1M2                            00000002
CCP1M3                            00000003
CCP1X                             00000005
CCP1Y                             00000004
CCP2CON                           0000001D
CCP2IE                            00000000
CCP2IF                            00000000
CCP2M0                            00000000
CCP2M1                            00000001
CCP2M2                            00000002
CCP2M3                            00000003
CCP2X                             00000005
CCP2Y                             00000004
CCPR1                             00000015
CCPR1H                            00000016
CCPR1L                            00000015
CCPR2                             0000001B
CCPR2H                            0000001C
CCPR2L                            0000001B
CHS0                              00000002
CHS1                              00000003
CHS2                              00000004
CHS3                              00000005
MPASM  5.51                          MAIN.ASM   2-10-2020  11:59:10         PAGE  8


SYMBOL TABLE
  LABEL                             VALUE 

CKE                               00000006
CKP                               00000004
CM1CON0                           00000107
CM2CON0                           00000108
CM2CON1                           00000109
CREN                              00000004
CSRC                              00000007
D                                 00000005
DATA_ADDRESS                      00000005
DC                                00000001
DC1B0                             00000004
DC1B1                             00000005
DC2B0                             00000004
DC2B1                             00000005
D_A                               00000005
D_NOT_A                           00000005
Delay1                            00000073
Delay_1ms                         00000071
Delay_1s                          0000006B
Delay_2                           00000079
Delay_200ms                       00000077
ECCPAS                            0000009C
ECCPAS0                           00000004
ECCPAS1                           00000005
ECCPAS2                           00000006
ECCPASE                           00000007
EEADR                             0000010D
EEADRH                            0000010F
EECON1                            0000018C
EECON2                            0000018D
EEDAT                             0000010C
EEDATA                            0000010C
EEDATH                            0000010E
EEIE                              00000004
EEIF                              00000004
EEPGD                             00000007
ExitInterrupt                     00000011
F                                 00000001
FERR                              00000002
FSR                               00000004
FVREN                             00000000
GCEN                              00000007
GIE                               00000007
GO                                00000001
GO_DONE                           00000001
GO_NOT_DONE                       00000001
HTS                               00000002
I2C_DATA                          00000005
I2C_READ                          00000002
I2C_START                         00000003
I2C_STOP                          00000004
INDF                              00000000
INTCON                            0000000B
MPASM  5.51                          MAIN.ASM   2-10-2020  11:59:10         PAGE  9


SYMBOL TABLE
  LABEL                             VALUE 

INTE                              00000004
INTEDG                            00000006
INTF                              00000001
IOCB                              00000096
IOCB0                             00000000
IOCB1                             00000001
IOCB2                             00000002
IOCB3                             00000003
IOCB4                             00000004
IOCB5                             00000005
IOCB6                             00000006
IOCB7                             00000007
IRCF0                             00000004
IRCF1                             00000005
IRCF2                             00000006
IRP                               00000007
LED_BLUE                          00000008
LED_GREEN                         00000004
LED_RED                           00000001
LED_YELLOW                        00000002
LTS                               00000001
LedCountLoop                      00000052
LevelEasy                         00000034
LevelHard                         00000036
MC1OUT                            00000007
MC2OUT                            00000006
MSK                               00000093
MSK0                              00000000
MSK1                              00000001
MSK2                              00000002
MSK3                              00000003
MSK4                              00000004
MSK5                              00000005
MSK6                              00000006
MSK7                              00000007
Main                              0000002C
Main_Loop                         00000038
NOT_A                             00000005
NOT_ADDRESS                       00000005
NOT_BO                            00000000
NOT_BOR                           00000000
NOT_DONE                          00000001
NOT_PD                            00000003
NOT_POR                           00000001
NOT_RBPU                          00000007
NOT_RC8                           00000006
NOT_T1SYNC                        00000002
NOT_TO                            00000004
NOT_TX8                           00000006
NOT_W                             00000002
NOT_WRITE                         00000002
OERR                              00000001
OPTION_REG                        00000081
MPASM  5.51                          MAIN.ASM   2-10-2020  11:59:10         PAGE 10


SYMBOL TABLE
  LABEL                             VALUE 

OSCCON                            0000008F
OSCTUNE                           00000090
OSFIE                             00000007
OSFIF                             00000007
OSTS                              00000003
P                                 00000004
P1M0                              00000006
P1M1                              00000007
PCL                               00000002
PCLATH                            0000000A
PCON                              0000008E
PDC0                              00000000
PDC1                              00000001
PDC2                              00000002
PDC3                              00000003
PDC4                              00000004
PDC5                              00000005
PDC6                              00000006
PEIE                              00000006
PEN                               00000002
PIE1                              0000008C
PIE2                              0000008D
PIR1                              0000000C
PIR2                              0000000D
PORTA                             00000005
PORTB                             00000006
PORTC                             00000007
PORTD                             00000008
PORTE                             00000009
PR2                               00000092
PRSEN                             00000007
PS0                               00000000
PS1                               00000001
PS2                               00000002
PSA                               00000003
PSSAC0                            00000002
PSSAC1                            00000003
PSSBD0                            00000000
PSSBD1                            00000001
PSTRCON                           0000009D
PULSR                             00000002
PULSS                             00000003
PWM1CON                           0000009B
R                                 00000002
RA0                               00000000
RA1                               00000001
RA2                               00000002
RA3                               00000003
RA4                               00000004
RA5                               00000005
RA6                               00000006
RA7                               00000007
RB0                               00000000
MPASM  5.51                          MAIN.ASM   2-10-2020  11:59:10         PAGE 11


SYMBOL TABLE
  LABEL                             VALUE 

RB1                               00000001
RB2                               00000002
RB3                               00000003
RB4                               00000004
RB5                               00000005
RB6                               00000006
RB7                               00000007
RBIE                              00000003
RBIF                              00000000
RC0                               00000000
RC1                               00000001
RC2                               00000002
RC3                               00000003
RC4                               00000004
RC5                               00000005
RC6                               00000006
RC7                               00000007
RC8_9                             00000006
RC9                               00000006
RCD8                              00000000
RCEN                              00000003
RCIDL                             00000006
RCIE                              00000005
RCIF                              00000005
RCREG                             0000001A
RCSTA                             00000018
RD                                00000000
RD0                               00000000
RD1                               00000001
RD2                               00000002
RD3                               00000003
RD4                               00000004
RD5                               00000005
RD6                               00000006
RD7                               00000007
RE0                               00000000
RE1                               00000001
RE2                               00000002
RE3                               00000003
READ_WRITE                        00000002
RP0                               00000005
RP1                               00000006
RSEN                              00000001
RX9                               00000006
RX9D                              00000000
R_NOT_W                           00000002
R_W                               00000002
Rotina_Inicializacao              0000004C
S                                 00000003
SBOREN                            00000004
SCKP                              00000004
SCS                               00000000
SEN                               00000000
MPASM  5.51                          MAIN.ASM   2-10-2020  11:59:10         PAGE 12


SYMBOL TABLE
  LABEL                             VALUE 

SENDB                             00000003
SMP                               00000007
SPBRG                             00000099
SPBRGH                            0000009A
SPEN                              00000007
SR0                               00000006
SR1                               00000007
SRCON                             00000185
SREN                              00000005
SSPADD                            00000093
SSPBUF                            00000013
SSPCON                            00000014
SSPCON2                           00000091
SSPEN                             00000005
SSPIE                             00000003
SSPIF                             00000003
SSPM0                             00000000
SSPM1                             00000001
SSPM2                             00000002
SSPM3                             00000003
SSPMSK                            00000093
SSPOV                             00000006
SSPSTAT                           00000094
STATUS                            00000003
STRA                              00000000
STRB                              00000001
STRC                              00000002
STRD                              00000003
STRSYNC                           00000004
SWDTEN                            00000000
SYNC                              00000004
SorteiaNumero                     0000003A
Start                             00000016
T0CS                              00000005
T0IE                              00000005
T0IF                              00000002
T0SE                              00000004
T1CKPS0                           00000004
T1CKPS1                           00000005
T1CON                             00000010
T1GINV                            00000007
T1GIV                             00000007
T1GSS                             00000001
T1INSYNC                          00000002
T1OSCEN                           00000003
T1SYNC                            00000002
T2CKPS0                           00000000
T2CKPS1                           00000001
T2CON                             00000012
TMR0                              00000001
TMR0IE                            00000005
TMR0IF                            00000002
TMR0_50ms                         0000003D
MPASM  5.51                          MAIN.ASM   2-10-2020  11:59:10         PAGE 13


SYMBOL TABLE
  LABEL                             VALUE 

TMR1                              0000000E
TMR1CS                            00000001
TMR1GE                            00000006
TMR1H                             0000000F
TMR1IE                            00000000
TMR1IF                            00000000
TMR1L                             0000000E
TMR1ON                            00000000
TMR2                              00000011
TMR2IE                            00000001
TMR2IF                            00000001
TMR2ON                            00000002
TOUTPS0                           00000003
TOUTPS1                           00000004
TOUTPS2                           00000005
TOUTPS3                           00000006
TRISA                             00000085
TRISA0                            00000000
TRISA1                            00000001
TRISA2                            00000002
TRISA3                            00000003
TRISA4                            00000004
TRISA5                            00000005
TRISA6                            00000006
TRISA7                            00000007
TRISB                             00000086
TRISB0                            00000000
TRISB1                            00000001
TRISB2                            00000002
TRISB3                            00000003
TRISB4                            00000004
TRISB5                            00000005
TRISB6                            00000006
TRISB7                            00000007
TRISC                             00000087
TRISC0                            00000000
TRISC1                            00000001
TRISC2                            00000002
TRISC3                            00000003
TRISC4                            00000004
TRISC5                            00000005
TRISC6                            00000006
TRISC7                            00000007
TRISD                             00000088
TRISD0                            00000000
TRISD1                            00000001
TRISD2                            00000002
TRISD3                            00000003
TRISD4                            00000004
TRISD5                            00000005
TRISD6                            00000006
TRISD7                            00000007
TRISE                             00000089
MPASM  5.51                          MAIN.ASM   2-10-2020  11:59:10         PAGE 14


SYMBOL TABLE
  LABEL                             VALUE 

TRISE0                            00000000
TRISE1                            00000001
TRISE2                            00000002
TRISE3                            00000003
TRMT                              00000001
TUN0                              00000000
TUN1                              00000001
TUN2                              00000002
TUN3                              00000003
TUN4                              00000004
TX8_9                             00000006
TX9                               00000006
TX9D                              00000000
TXD8                              00000000
TXEN                              00000005
TXIE                              00000004
TXIF                              00000004
TXREG                             00000019
TXSTA                             00000098
Timer0Interrupt                   0000000B
UA                                00000001
ULPWUE                            00000005
ULPWUIE                           00000002
ULPWUIF                           00000002
VCFG0                             00000004
VCFG1                             00000005
VR0                               00000000
VR1                               00000001
VR2                               00000002
VR3                               00000003
VRCON                             00000097
VREN                              00000007
VROE                              00000006
VRR                               00000005
VRSS                              00000004
W                                 00000000
WCOL                              00000007
WDTCON                            00000105
WDTPS0                            00000001
WDTPS1                            00000002
WDTPS2                            00000003
WDTPS3                            00000004
WPUB                              00000095
WPUB0                             00000000
WPUB1                             00000001
WPUB2                             00000002
WPUB3                             00000003
WPUB4                             00000004
WPUB5                             00000005
WPUB6                             00000006
WPUB7                             00000007
WR                                00000001
WREN                              00000002
MPASM  5.51                          MAIN.ASM   2-10-2020  11:59:10         PAGE 15


SYMBOL TABLE
  LABEL                             VALUE 

WRERR                             00000003
WUE                               00000001
Z                                 00000002
_BOR21V                           00003EFF
_BOR40V                           00003FFF
_BOR4V_BOR21V                     00003EFF
_BOR4V_BOR40V                     00003FFF
_BOREN_NSLEEP                     00003EFF
_BOREN_OFF                        00003CFF
_BOREN_ON                         00003FFF
_BOREN_SBODEN                     00003DFF
_BOR_NSLEEP                       00003EFF
_BOR_OFF                          00003CFF
_BOR_ON                           00003FFF
_BOR_SBODEN                       00003DFF
_CONFIG1                          00002007
_CONFIG2                          00002008
_CPD_OFF                          00003FFF
_CPD_ON                           00003F7F
_CP_OFF                           00003FFF
_CP_ON                            00003FBF
_DEBUG_OFF                        00003FFF
_DEBUG_ON                         00001FFF
_DEVID1                           00002006
_EC_OSC                           00003FFB
_EXTRC                            00003FFF
_EXTRCIO                          00003FFE
_EXTRC_OSC_CLKOUT                 00003FFF
_EXTRC_OSC_NOCLKOUT               00003FFE
_FCMEN_OFF                        000037FF
_FCMEN_ON                         00003FFF
_FOSC_EC                          00003FFB
_FOSC_EXTRC_CLKOUT                00003FFF
_FOSC_EXTRC_NOCLKOUT              00003FFE
_FOSC_HS                          00003FFA
_FOSC_INTRC_CLKOUT                00003FFD
_FOSC_INTRC_NOCLKOUT              00003FFC
_FOSC_LP                          00003FF8
_FOSC_XT                          00003FF9
_HS_OSC                           00003FFA
_IDLOC0                           00002000
_IDLOC1                           00002001
_IDLOC2                           00002002
_IDLOC3                           00002003
_IESO_OFF                         00003BFF
_IESO_ON                          00003FFF
_INTOSC                           00003FFD
_INTOSCIO                         00003FFC
_INTRC_OSC_CLKOUT                 00003FFD
_INTRC_OSC_NOCLKOUT               00003FFC
_LP_OSC                           00003FF8
_LVP_OFF                          00002FFF
_LVP_ON                           00003FFF
MPASM  5.51                          MAIN.ASM   2-10-2020  11:59:10         PAGE 16


SYMBOL TABLE
  LABEL                             VALUE 

_MCLRE_OFF                        00003FDF
_MCLRE_ON                         00003FFF
_PWRTE_OFF                        00003FFF
_PWRTE_ON                         00003FEF
_WDTE_OFF                         00003FF7
_WDTE_ON                          00003FFF
_WDT_OFF                          00003FF7
_WDT_ON                           00003FFF
_WRT_1FOURTH                      00003BFF
_WRT_256                          00003DFF
_WRT_HALF                         000039FF
_WRT_OFF                          00003FFF
_XT_OSC                           00003FF9
__16F887                          00000001
__DEBUG                           1
_status                           00000024
_wreg                             00000023
button                            PORTB,RB0
cnt_1                             00000021
cnt_2                             00000022
led_cnt                           00000020
level                             00000027
move                              00000029
sequency                          00000028
timer_counter_50ms                00000026
timer_counter_5s                  00000025


MEMORY USAGE MAP ('X' = Used,  '-' = Unused)

0000 : X---XXXXXXXXXXXX XXXXXXXXXXXXXXXX XXXXXXXXXXXXXXXX XXXXXXXXXXXXXXXX
0040 : XXXXXXXXXXXXXXXX XXXXXXXXXXXXXXXX XXXXXXXXXXXXXXXX XXXXXXXXXXXXX---
2000 : -------XX------- ---------------- ---------------- ----------------

All other memory blocks unused.

Program Memory Words Used:   122
Program Memory Words Free:  8070


Errors   :     0
Warnings :     9 reported,     0 suppressed
Messages :     8 reported,     0 suppressed

